Build started 02.10.2013 15:25:16.
__________________________________________________
Project "c:\Work\Jazz.Inc\jazz.inc.sln" (Build target(s)):

Target ValidateSolutionConfiguration:
    Building solution configuration "Release|Any CPU".
Target Build:
    __________________________________________________
    Project "c:\Work\Jazz.Inc\jazz.inc.sln" is building "c:\Work\Jazz.Inc\Jazz.Inc\Jazz.Inc.csproj" (default targets):

    Target GenerateTargetFrameworkMonikerAttribute:
      Skipping target "GenerateTargetFrameworkMonikerAttribute" because all output files are up-to-date with respect to the input files.
    Target CoreCompile:
        c:\Windows\Microsoft.NET\Framework\v4.0.30319\Csc.exe /noconfig /nowarn:1701,1702 /nostdlib+ /errorreport:prompt /warn:4 /define:TRACE /highentropyva+ /reference:c:\Work\Jazz.Inc\packages\WebGrease.1.1.0\lib\Antlr3.Runtime.dll /reference:c:\Work\Jazz.Inc\packages\DotNetOpenAuth.AspNet.4.0.3.12153\lib\net40-full\DotNetOpenAuth.AspNet.dll /reference:c:\Work\Jazz.Inc\packages\DotNetOpenAuth.Core.4.0.3.12153\lib\net40-full\DotNetOpenAuth.Core.dll /reference:c:\Work\Jazz.Inc\packages\DotNetOpenAuth.OAuth.Consumer.4.0.3.12153\lib\net40-full\DotNetOpenAuth.OAuth.Consumer.dll /reference:c:\Work\Jazz.Inc\packages\DotNetOpenAuth.OAuth.Core.4.0.3.12153\lib\net40-full\DotNetOpenAuth.OAuth.dll /reference:c:\Work\Jazz.Inc\packages\DotNetOpenAuth.OpenId.Core.4.0.3.12153\lib\net40-full\DotNetOpenAuth.OpenId.dll /reference:c:\Work\Jazz.Inc\packages\DotNetOpenAuth.OpenId.RelyingParty.4.0.3.12153\lib\net40-full\DotNetOpenAuth.OpenId.RelyingParty.dll /reference:c:\Work\Jazz.Inc\packages\EntityFramework.5.0.0\lib\net45\EntityFramework.dll /reference:"C:\Program Files\Reference Assemblies\Microsoft\Framework\.NETFramework\v4.5\Microsoft.CSharp.dll" /reference:c:\Work\Jazz.Inc\packages\Microsoft.Web.Infrastructure.1.0.0.0\lib\net40\Microsoft.Web.Infrastructure.dll /reference:c:\Work\Jazz.Inc\packages\Microsoft.AspNet.WebPages.OAuth.2.0.20710.0\lib\net40\Microsoft.Web.WebPages.OAuth.dll /reference:"C:\Program Files\Reference Assemblies\Microsoft\Framework\.NETFramework\v4.5\mscorlib.dll" /reference:c:\Work\Jazz.Inc\packages\Newtonsoft.Json.4.5.6\lib\net40\Newtonsoft.Json.dll /reference:"C:\Program Files\Reference Assemblies\Microsoft\Framework\.NETFramework\v4.5\System.ComponentModel.DataAnnotations.dll" /reference:"C:\Program Files\Reference Assemblies\Microsoft\Framework\.NETFramework\v4.5\System.Configuration.dll" /reference:"C:\Program Files\Reference Assemblies\Microsoft\Framework\.NETFramework\v4.5\System.Core.dll" /reference:"C:\Program Files\Reference Assemblies\Microsoft\Framework\.NETFramework\v4.5\System.Data.DataSetExtensions.dll" /reference:"C:\Program Files\Reference Assemblies\Microsoft\Framework\.NETFramework\v4.5\System.Data.dll" /reference:"C:\Program Files\Reference Assemblies\Microsoft\Framework\.NETFramework\v4.5\System.Data.Entity.dll" /reference:"C:\Program Files\Reference Assemblies\Microsoft\Framework\.NETFramework\v4.5\System.dll" /reference:"C:\Program Files\Reference Assemblies\Microsoft\Framework\.NETFramework\v4.5\System.Drawing.dll" /reference:"C:\Program Files\Reference Assemblies\Microsoft\Framework\.NETFramework\v4.5\System.EnterpriseServices.dll" /reference:"C:\Program Files\Reference Assemblies\Microsoft\Framework\.NETFramework\v4.5\System.Net.Http.dll" /reference:c:\Work\Jazz.Inc\packages\Microsoft.AspNet.WebApi.Client.4.0.20710.0\lib\net40\System.Net.Http.Formatting.dll /reference:"C:\Program Files\Reference Assemblies\Microsoft\Framework\.NETFramework\v4.5\System.Net.Http.WebRequest.dll" /reference:"C:\Program Files\Reference Assemblies\Microsoft\Framework\.NETFramework\v4.5\System.Transactions.dll" /reference:"C:\Program Files\Reference Assemblies\Microsoft\Framework\.NETFramework\v4.5\System.Web.Abstractions.dll" /reference:"C:\Program Files\Reference Assemblies\Microsoft\Framework\.NETFramework\v4.5\System.Web.ApplicationServices.dll" /reference:"C:\Program Files\Reference Assemblies\Microsoft\Framework\.NETFramework\v4.5\System.Web.dll" /reference:"C:\Program Files\Reference Assemblies\Microsoft\Framework\.NETFramework\v4.5\System.Web.DynamicData.dll" /reference:"C:\Program Files\Reference Assemblies\Microsoft\Framework\.NETFramework\v4.5\System.Web.Entity.dll" /reference:"C:\Program Files\Reference Assemblies\Microsoft\Framework\.NETFramework\v4.5\System.Web.Extensions.dll" /reference:c:\Work\Jazz.Inc\packages\Microsoft.AspNet.WebPages.2.0.20710.0\lib\net40\System.Web.Helpers.dll /reference:c:\Work\Jazz.Inc\packages\Microsoft.AspNet.WebApi.Core.4.0.20710.0\lib\net40\System.Web.Http.dll /reference:c:\Work\Jazz.Inc\packages\Microsoft.AspNet.WebApi.WebHost.4.0.20710.0\lib\net40\System.Web.Http.WebHost.dll /reference:c:\Work\Jazz.Inc\packages\Microsoft.AspNet.Mvc.4.0.20710.0\lib\net40\System.Web.Mvc.dll /reference:c:\Work\Jazz.Inc\packages\Microsoft.AspNet.Web.Optimization.1.0.0\lib\net40\System.Web.Optimization.dll /reference:c:\Work\Jazz.Inc\packages\Microsoft.AspNet.Razor.2.0.20710.0\lib\net40\System.Web.Razor.dll /reference:"C:\Program Files\Reference Assemblies\Microsoft\Framework\.NETFramework\v4.5\System.Web.Routing.dll" /reference:"C:\Program Files\Reference Assemblies\Microsoft\Framework\.NETFramework\v4.5\System.Web.Services.dll" /reference:c:\Work\Jazz.Inc\packages\Microsoft.AspNet.WebPages.2.0.20710.0\lib\net40\System.Web.WebPages.Deployment.dll /reference:c:\Work\Jazz.Inc\packages\Microsoft.AspNet.WebPages.2.0.20710.0\lib\net40\System.Web.WebPages.dll /reference:c:\Work\Jazz.Inc\packages\Microsoft.AspNet.WebPages.2.0.20710.0\lib\net40\System.Web.WebPages.Razor.dll /reference:"C:\Program Files\Reference Assemblies\Microsoft\Framework\.NETFramework\v4.5\System.Xml.dll" /reference:"C:\Program Files\Reference Assemblies\Microsoft\Framework\.NETFramework\v4.5\System.Xml.Linq.dll" /reference:c:\Work\Jazz.Inc\packages\WebGrease.1.1.0\lib\WebGrease.dll /reference:c:\Work\Jazz.Inc\packages\Microsoft.AspNet.WebPages.Data.2.0.20710.0\lib\net40\WebMatrix.Data.dll /reference:c:\Work\Jazz.Inc\packages\Microsoft.AspNet.WebPages.WebData.2.0.20710.0\lib\net40\WebMatrix.WebData.dll /debug:pdbonly /optimize+ /out:obj\Release\Jazz.Inc.dll /subsystemversion:6.00 /target:library /utf8output App_Start\AuthConfig.cs App_Start\BundleConfig.cs App_Start\FilterConfig.cs App_Start\RouteConfig.cs App_Start\WebApiConfig.cs Controllers\AccountController.cs Controllers\HomeController.cs Filters\InitializeSimpleMembershipAttribute.cs Global.asax.cs Models\AccountModels.cs Properties\AssemblyInfo.cs "C:\Users\jas\AppData\Local\Temp\.NETFramework,Version=v4.5.AssemblyAttributes.cs"
    Target CopyFilesToOutputDirectory:
        Copying file from "obj\Release\Jazz.Inc.dll" to "bin\Jazz.Inc.dll".
        Jazz.Inc -> c:\Work\Jazz.Inc\Jazz.Inc\bin\Jazz.Inc.dll
        Copying file from "obj\Release\Jazz.Inc.pdb" to "bin\Jazz.Inc.pdb".
    __________________________________________________
    Project "c:\Work\Jazz.Inc\jazz.inc.sln" is building "c:\Work\Jazz.Inc\Jazz.Inc.Acceptance.Tests\Jazz.Inc.Acceptance.Tests.csproj" (default targets):

    Target PrepareForBuild:
        Creating directory "obj\Release\".
    Target GenerateTargetFrameworkMonikerAttribute:
      Skipping target "GenerateTargetFrameworkMonikerAttribute" because all output files are up-to-date with respect to the input files.
    Target CoreCompile:
        c:\Windows\Microsoft.NET\Framework\v4.0.30319\Csc.exe /noconfig /nowarn:1701,1702 /nostdlib+ /errorreport:prompt /warn:4 /define:TRACE /highentropyva+ /reference:"C:\Program Files\Reference Assemblies\Microsoft\Framework\.NETFramework\v4.5\Microsoft.CSharp.dll" /reference:"C:\Program Files\Reference Assemblies\Microsoft\Framework\.NETFramework\v4.5\mscorlib.dll" /reference:c:\Work\Jazz.Inc\lib\nunit.framework.dll /reference:"C:\Program Files\Reference Assemblies\Microsoft\Framework\.NETFramework\v4.5\System.Core.dll" /reference:"C:\Program Files\Reference Assemblies\Microsoft\Framework\.NETFramework\v4.5\System.Data.DataSetExtensions.dll" /reference:"C:\Program Files\Reference Assemblies\Microsoft\Framework\.NETFramework\v4.5\System.Data.dll" /reference:"C:\Program Files\Reference Assemblies\Microsoft\Framework\.NETFramework\v4.5\System.dll" /reference:"C:\Program Files\Reference Assemblies\Microsoft\Framework\.NETFramework\v4.5\System.Xml.dll" /reference:"C:\Program Files\Reference Assemblies\Microsoft\Framework\.NETFramework\v4.5\System.Xml.Linq.dll" /reference:c:\Work\Jazz.Inc\lib\TechTalk.SpecFlow.dll /reference:c:\Work\Jazz.Inc\lib\WebDriver.dll /debug:pdbonly /filealign:512 /optimize+ /out:obj\Release\Jazz.Inc.Acceptance.Tests.dll /subsystemversion:6.00 /target:library /utf8output BasicSpecs.feature.cs JazzIncSteps.cs SearchingGoogle.feature.cs SearchingGoogleSteps.cs Specs.cs Properties\AssemblyInfo.cs "C:\Users\jas\AppData\Local\Temp\.NETFramework,Version=v4.5.AssemblyAttributes.cs"
    Target _CopyFilesMarkedCopyLocal:
        Copying file from "c:\Work\Jazz.Inc\lib\nunit.framework.dll" to "bin\Release\nunit.framework.dll".
        Copying file from "c:\Work\Jazz.Inc\lib\TechTalk.SpecFlow.dll" to "bin\Release\TechTalk.SpecFlow.dll".
        Copying file from "c:\Work\Jazz.Inc\lib\WebDriver.dll" to "bin\Release\WebDriver.dll".
        Copying file from "c:\Work\Jazz.Inc\lib\Newtonsoft.Json.dll" to "bin\Release\Newtonsoft.Json.dll".
        Copying file from "c:\Work\Jazz.Inc\lib\Ionic.Zip.dll" to "bin\Release\Ionic.Zip.dll".
        Copying file from "c:\Work\Jazz.Inc\lib\WebDriver.pdb" to "bin\Release\WebDriver.pdb".
        Copying file from "c:\Work\Jazz.Inc\lib\WebDriver.xml" to "bin\Release\WebDriver.xml".
    Target _CopyOutOfDateSourceItemsToOutputDirectoryAlways:
        Copying file from "c:\Work\Jazz.Inc\Jazz.Inc.Acceptance.Tests\chromedriver.exe" to "bin\Release\chromedriver.exe".
        Copying file from "c:\Work\Jazz.Inc\Jazz.Inc.Acceptance.Tests\IEDriverServer.exe" to "bin\Release\IEDriverServer.exe".
    Target _CopyAppConfigFile:
        Copying file from "App.config" to "bin\Release\Jazz.Inc.Acceptance.Tests.dll.config".
    Target CopyFilesToOutputDirectory:
        Copying file from "obj\Release\Jazz.Inc.Acceptance.Tests.dll" to "bin\Release\Jazz.Inc.Acceptance.Tests.dll".
        Jazz.Inc.Acceptance.Tests -> c:\Work\Jazz.Inc\Jazz.Inc.Acceptance.Tests\bin\Release\Jazz.Inc.Acceptance.Tests.dll
        Copying file from "obj\Release\Jazz.Inc.Acceptance.Tests.pdb" to "bin\Release\Jazz.Inc.Acceptance.Tests.pdb".
    __________________________________________________
    Project "c:\Work\Jazz.Inc\jazz.inc.sln" is building "c:\Work\Jazz.Inc\Jazz.Inc.Unit.Tests\Jazz.Inc.Unit.Tests.csproj" (default targets):

    Target PrepareForBuild:
        Creating directory "obj\Release\".
    Target GenerateTargetFrameworkMonikerAttribute:
      Skipping target "GenerateTargetFrameworkMonikerAttribute" because all output files are up-to-date with respect to the input files.
    Target CoreCompile:
        c:\Windows\Microsoft.NET\Framework\v4.0.30319\Csc.exe /noconfig /nowarn:1701,1702 /nostdlib+ /errorreport:prompt /warn:4 /define:TRACE /highentropyva- /reference:"C:\Program Files\Reference Assemblies\Microsoft\Framework\.NETFramework\v4.0\Microsoft.CSharp.dll" /reference:"C:\Program Files\Reference Assemblies\Microsoft\Framework\.NETFramework\v4.0\mscorlib.dll" /reference:c:\Work\Jazz.Inc\lib\nunit.framework.dll /reference:"C:\Program Files\Reference Assemblies\Microsoft\Framework\.NETFramework\v4.0\System.Core.dll" /reference:"C:\Program Files\Reference Assemblies\Microsoft\Framework\.NETFramework\v4.0\System.Data.DataSetExtensions.dll" /reference:"C:\Program Files\Reference Assemblies\Microsoft\Framework\.NETFramework\v4.0\System.Data.dll" /reference:"C:\Program Files\Reference Assemblies\Microsoft\Framework\.NETFramework\v4.0\System.dll" /reference:"C:\Program Files\Reference Assemblies\Microsoft\Framework\.NETFramework\v4.0\System.Xml.dll" /reference:"C:\Program Files\Reference Assemblies\Microsoft\Framework\.NETFramework\v4.0\System.Xml.Linq.dll" /debug:pdbonly /filealign:512 /optimize+ /out:obj\Release\Jazz.Inc.Unit.Tests.dll /target:library /utf8output Units.cs Properties\AssemblyInfo.cs "C:\Users\jas\AppData\Local\Temp\.NETFramework,Version=v4.0.AssemblyAttributes.cs"
    Target _CopyFilesMarkedCopyLocal:
        Copying file from "c:\Work\Jazz.Inc\lib\nunit.framework.dll" to "bin\Release\nunit.framework.dll".
    Target CopyFilesToOutputDirectory:
        Copying file from "obj\Release\Jazz.Inc.Unit.Tests.dll" to "bin\Release\Jazz.Inc.Unit.Tests.dll".
        Jazz.Inc.Unit.Tests -> c:\Work\Jazz.Inc\Jazz.Inc.Unit.Tests\bin\Release\Jazz.Inc.Unit.Tests.dll
        Copying file from "obj\Release\Jazz.Inc.Unit.Tests.pdb" to "bin\Release\Jazz.Inc.Unit.Tests.pdb".

Build succeeded.
    0 Warning(s)
    0 Error(s)

Time Elapsed 00:00:02.56
